2021-09-20 13:45:18.509  INFO 18032 --- [restartedMain] c.b.e.EmployeePayrollAppApplication      : Starting EmployeePayrollAppApplication using Java 16.0.1 on Bhupendra with PID 18032 (B:\ASSIGNMENT\DAY5_Employee_Payroll\target\classes started by wadek in B:\ASSIGNMENT\DAY5_Employee_Payroll)
2021-09-20 13:45:18.513 DEBUG 18032 --- [restartedMain] c.b.e.EmployeePayrollAppApplication      : Running with Spring Boot v2.5.4, Spring v5.3.9
2021-09-20 13:45:18.513  INFO 18032 --- [restartedMain] c.b.e.EmployeePayrollAppApplication      : No active profile set, falling back to default profiles: default
2021-09-20 13:45:20.509  WARN 18032 --- [restartedMain] JpaBaseConfiguration$JpaWebConfiguration : spring.jpa.open-in-view is enabled by default. Therefore, database queries may be performed during view rendering. Explicitly configure spring.jpa.open-in-view to disable this warning
2021-09-20 13:45:20.749  INFO 18032 --- [restartedMain] c.b.e.EmployeePayrollAppApplication      : Started EmployeePayrollAppApplication in 2.578 seconds (JVM running for 3.296)
2021-09-20 13:45:20.751  INFO 18032 --- [restartedMain] c.b.e.EmployeePayrollAppApplication      : Employee Payroll App Started
2021-09-20 13:45:20.751  INFO 18032 --- [restartedMain] c.b.e.EmployeePayrollAppApplication      : Employee Payroll App Started in COMMON Environment
2021-09-20 13:50:37.984  INFO 13636 --- [restartedMain] c.b.e.EmployeePayrollAppApplication      : Starting EmployeePayrollAppApplication using Java 16.0.1 on Bhupendra with PID 13636 (B:\ASSIGNMENT\DAY5_Employee_Payroll\target\classes started by wadek in B:\ASSIGNMENT\DAY5_Employee_Payroll)
2021-09-20 13:50:37.987 DEBUG 13636 --- [restartedMain] c.b.e.EmployeePayrollAppApplication      : Running with Spring Boot v2.5.4, Spring v5.3.9
2021-09-20 13:50:37.987  INFO 13636 --- [restartedMain] c.b.e.EmployeePayrollAppApplication      : The following profiles are active: dev
2021-09-20 13:50:39.458  WARN 13636 --- [restartedMain] JpaBaseConfiguration$JpaWebConfiguration : spring.jpa.open-in-view is enabled by default. Therefore, database queries may be performed during view rendering. Explicitly configure spring.jpa.open-in-view to disable this warning
2021-09-20 13:50:39.707  INFO 13636 --- [restartedMain] c.b.e.EmployeePayrollAppApplication      : Started EmployeePayrollAppApplication in 2.069 seconds (JVM running for 2.829)
2021-09-20 13:50:39.709  INFO 13636 --- [restartedMain] c.b.e.EmployeePayrollAppApplication      : Employee Payroll App Started
2021-09-20 13:50:39.709  INFO 13636 --- [restartedMain] c.b.e.EmployeePayrollAppApplication      : Employee Payroll App Started in DEV Environment
2021-09-20 13:58:29.992  INFO 2560 --- [restartedMain] c.b.e.EmployeePayrollAppApplication      : Starting EmployeePayrollAppApplication using Java 16.0.1 on Bhupendra with PID 2560 (B:\ASSIGNMENT\DAY5_Employee_Payroll\target\classes started by wadek in B:\ASSIGNMENT\DAY5_Employee_Payroll)
2021-09-20 13:58:29.994 DEBUG 2560 --- [restartedMain] c.b.e.EmployeePayrollAppApplication      : Running with Spring Boot v2.5.4, Spring v5.3.9
2021-09-20 13:58:29.995  INFO 2560 --- [restartedMain] c.b.e.EmployeePayrollAppApplication      : The following profiles are active: dev
2021-09-20 13:58:31.479  WARN 2560 --- [restartedMain] JpaBaseConfiguration$JpaWebConfiguration : spring.jpa.open-in-view is enabled by default. Therefore, database queries may be performed during view rendering. Explicitly configure spring.jpa.open-in-view to disable this warning
2021-09-20 13:58:31.766  INFO 2560 --- [restartedMain] c.b.e.EmployeePayrollAppApplication      : Started EmployeePayrollAppApplication in 2.305 seconds (JVM running for 3.321)
2021-09-20 13:58:31.768  INFO 2560 --- [restartedMain] c.b.e.EmployeePayrollAppApplication      : Employee Payroll App Started
2021-09-20 13:58:31.768  INFO 2560 --- [restartedMain] c.b.e.EmployeePayrollAppApplication      : Employee Payroll App Started in DEV Environment
2021-09-20 14:24:18.702  INFO 5320 --- [restartedMain] c.b.e.EmployeePayrollAppApplication      : Starting EmployeePayrollAppApplication using Java 16.0.1 on Bhupendra with PID 5320 (B:\ASSIGNMENT\DAY5_Employee_Payroll\target\classes started by wadek in B:\ASSIGNMENT\DAY5_Employee_Payroll)
2021-09-20 14:24:18.704 DEBUG 5320 --- [restartedMain] c.b.e.EmployeePayrollAppApplication      : Running with Spring Boot v2.5.4, Spring v5.3.9
2021-09-20 14:24:18.705  INFO 5320 --- [restartedMain] c.b.e.EmployeePayrollAppApplication      : The following profiles are active: dev
2021-09-20 14:24:20.754  WARN 5320 --- [restartedMain] JpaBaseConfiguration$JpaWebConfiguration : spring.jpa.open-in-view is enabled by default. Therefore, database queries may be performed during view rendering. Explicitly configure spring.jpa.open-in-view to disable this warning
2021-09-20 14:24:21.033  INFO 5320 --- [restartedMain] c.b.e.EmployeePayrollAppApplication      : Started EmployeePayrollAppApplication in 2.677 seconds (JVM running for 3.387)
2021-09-20 14:24:21.034  INFO 5320 --- [restartedMain] c.b.e.EmployeePayrollAppApplication      : Employee Payroll App Started in DEV Environment
2021-09-20 14:24:21.035  INFO 5320 --- [restartedMain] c.b.e.EmployeePayrollAppApplication      : Employee Payroll DB User is payrolluser
2021-09-20 15:23:52.842  INFO 17600 --- [restartedMain] c.b.e.EmployeePayrollAppApplication      : Starting EmployeePayrollAppApplication using Java 16.0.1 on Bhupendra with PID 17600 (B:\ASSIGNMENT\DAY5_Employee_Payroll\target\classes started by wadek in B:\ASSIGNMENT\DAY5_Employee_Payroll)
2021-09-20 15:23:52.844 DEBUG 17600 --- [restartedMain] c.b.e.EmployeePayrollAppApplication      : Running with Spring Boot v2.5.4, Spring v5.3.9
2021-09-20 15:23:52.845  INFO 17600 --- [restartedMain] c.b.e.EmployeePayrollAppApplication      : The following profiles are active: dev
2021-09-20 15:23:54.804  WARN 17600 --- [restartedMain] JpaBaseConfiguration$JpaWebConfiguration : spring.jpa.open-in-view is enabled by default. Therefore, database queries may be performed during view rendering. Explicitly configure spring.jpa.open-in-view to disable this warning
2021-09-20 15:23:55.101  INFO 17600 --- [restartedMain] c.b.e.EmployeePayrollAppApplication      : Started EmployeePayrollAppApplication in 2.61 seconds (JVM running for 3.323)
2021-09-20 15:23:55.105  INFO 17600 --- [restartedMain] c.b.e.EmployeePayrollAppApplication      : Employee Payroll App Started in DEV Environment
2021-09-20 15:23:55.106  INFO 17600 --- [restartedMain] c.b.e.EmployeePayrollAppApplication      : Employee Payroll DB User is payrolluser
2021-09-20 15:24:53.520  INFO 9716 --- [restartedMain] c.b.e.EmployeePayrollAppApplication      : Starting EmployeePayrollAppApplication using Java 16.0.1 on Bhupendra with PID 9716 (B:\ASSIGNMENT\DAY5_Employee_Payroll\target\classes started by wadek in B:\ASSIGNMENT\DAY5_Employee_Payroll)
2021-09-20 15:24:53.522 DEBUG 9716 --- [restartedMain] c.b.e.EmployeePayrollAppApplication      : Running with Spring Boot v2.5.4, Spring v5.3.9
2021-09-20 15:24:53.522  INFO 9716 --- [restartedMain] c.b.e.EmployeePayrollAppApplication      : The following profiles are active: dev
2021-09-20 15:24:55.129  WARN 9716 --- [restartedMain] JpaBaseConfiguration$JpaWebConfiguration : spring.jpa.open-in-view is enabled by default. Therefore, database queries may be performed during view rendering. Explicitly configure spring.jpa.open-in-view to disable this warning
2021-09-20 15:24:55.386  INFO 9716 --- [restartedMain] c.b.e.EmployeePayrollAppApplication      : Started EmployeePayrollAppApplication in 2.216 seconds (JVM running for 2.898)
2021-09-20 15:24:55.389  INFO 9716 --- [restartedMain] c.b.e.EmployeePayrollAppApplication      : Employee Payroll App Started in DEV Environment
2021-09-20 15:24:55.389  INFO 9716 --- [restartedMain] c.b.e.EmployeePayrollAppApplication      : Employee Payroll DB User is payrolluser
2021-09-20 15:25:24.161  WARN 9716 --- [http-nio-9090-exec-1] .m.m.a.ExceptionHandlerExceptionResolver : Resolved [org.springframework.web.bind.MethodArgumentNotValidException: Validation failed for argument [0] in public org.springframework.http.ResponseEntity<com.bridgelabz.employeepayrollapp.dto.ResponseDTO> com.bridgelabz.employeepayrollapp.controller.EmployeePayrollController.addEmployeePayrollData(com.bridgelabz.employeepayrollapp.dto.EmployeePayrollDTO): [Field error in object 'employeePayrollDTO' on field 'salary': rejected value [300]; codes [Min.employeePayrollDTO.salary,Min.salary,Min.long,Min]; arguments [org.springframework.context.support.DefaultMessageSourceResolvable: codes [employeePayrollDTO.salary,salary]; arguments []; default message [salary],500]; default message [Min Wage Should be More than 500]] ]
2021-09-20 15:33:01.281  INFO 19912 --- [restartedMain] c.b.e.EmployeePayrollAppApplication      : Starting EmployeePayrollAppApplication using Java 16.0.1 on Bhupendra with PID 19912 (B:\ASSIGNMENT\DAY5_Employee_Payroll\target\classes started by wadek in B:\ASSIGNMENT\DAY5_Employee_Payroll)
2021-09-20 15:33:01.285 DEBUG 19912 --- [restartedMain] c.b.e.EmployeePayrollAppApplication      : Running with Spring Boot v2.5.4, Spring v5.3.9
2021-09-20 15:33:01.285  INFO 19912 --- [restartedMain] c.b.e.EmployeePayrollAppApplication      : The following profiles are active: dev
2021-09-20 15:33:02.731  WARN 19912 --- [restartedMain] JpaBaseConfiguration$JpaWebConfiguration : spring.jpa.open-in-view is enabled by default. Therefore, database queries may be performed during view rendering. Explicitly configure spring.jpa.open-in-view to disable this warning
2021-09-20 15:33:02.995  INFO 19912 --- [restartedMain] c.b.e.EmployeePayrollAppApplication      : Started EmployeePayrollAppApplication in 2.086 seconds (JVM running for 2.985)
2021-09-20 15:33:02.997  INFO 19912 --- [restartedMain] c.b.e.EmployeePayrollAppApplication      : Employee Payroll App Started in DEV Environment
2021-09-20 15:33:02.998  INFO 19912 --- [restartedMain] c.b.e.EmployeePayrollAppApplication      : Employee Payroll DB User is payrolluser
2021-09-20 15:42:46.332  INFO 17820 --- [restartedMain] c.b.e.EmployeePayrollAppApplication      : Starting EmployeePayrollAppApplication using Java 16.0.1 on Bhupendra with PID 17820 (B:\ASSIGNMENT\DAY5_Employee_Payroll\target\classes started by wadek in B:\ASSIGNMENT\DAY5_Employee_Payroll)
2021-09-20 15:42:46.335 DEBUG 17820 --- [restartedMain] c.b.e.EmployeePayrollAppApplication      : Running with Spring Boot v2.5.4, Spring v5.3.9
2021-09-20 15:42:46.335  INFO 17820 --- [restartedMain] c.b.e.EmployeePayrollAppApplication      : The following profiles are active: dev
2021-09-20 15:42:48.067  WARN 17820 --- [restartedMain] JpaBaseConfiguration$JpaWebConfiguration : spring.jpa.open-in-view is enabled by default. Therefore, database queries may be performed during view rendering. Explicitly configure spring.jpa.open-in-view to disable this warning
2021-09-20 15:42:48.341  INFO 17820 --- [restartedMain] c.b.e.EmployeePayrollAppApplication      : Started EmployeePayrollAppApplication in 2.374 seconds (JVM running for 3.141)
2021-09-20 15:42:48.344  INFO 17820 --- [restartedMain] c.b.e.EmployeePayrollAppApplication      : Employee Payroll App Started in DEV Environment
2021-09-20 15:42:48.345  INFO 17820 --- [restartedMain] c.b.e.EmployeePayrollAppApplication      : Employee Payroll DB User is payrolluser
2021-09-20 16:22:07.912  WARN 17820 --- [HikariPool-1 housekeeper] com.zaxxer.hikari.pool.HikariPool        : HikariPool-1 - Thread starvation or clock leap detected (housekeeper delta=34m49s903ms47µs500ns).
2021-09-20 16:28:09.840  WARN 17820 --- [http-nio-9090-exec-1] .w.s.m.s.DefaultHandlerExceptionResolver : Resolved [org.springframework.http.converter.HttpMessageNotReadableException: JSON parse error: Cannot deserialize value of type `java.time.LocalDate` from String "29 Oct 2021": Failed to deserialize java.time.LocalDate: (java.time.format.DateTimeParseException) Text '29 Oct 2021' could not be parsed at index 0; nested exception is com.fasterxml.jackson.databind.exc.InvalidFormatException: Cannot deserialize value of type `java.time.LocalDate` from String "29 Oct 2021": Failed to deserialize java.time.LocalDate: (java.time.format.DateTimeParseException) Text '29 Oct 2021' could not be parsed at index 0
 at [Source: (PushbackInputStream); line: 5, column: 18] (through reference chain: com.bridgelabz.employeepayrollapp.dto.EmployeePayrollDTO["startDate"])]
